2018-08-29T14:02:12.189Z - normal: Load ~/.CocosCreator/settings.json
2018-08-29T14:02:12.193Z - normal: checking language setting...
2018-08-29T14:02:12.193Z - normal: Language: zh
2018-08-29T14:02:12.768Z - success: protocol editor-framework registered
2018-08-29T14:02:12.768Z - success: protocol app registered
2018-08-29T14:02:12.768Z - success: protocol theme registered
2018-08-29T14:02:12.768Z - success: protocol packages registered
2018-08-29T14:02:12.769Z - success: protocol unpack registerred
2018-08-29T14:02:12.769Z - success: protocol disable-commonjs registerred
2018-08-29T14:02:12.888Z - normal: connected!
2018-08-29T14:02:12.891Z - normal: Check project /Users/sxx/Desktop/sxx/android/person/cocos/tuzi
2018-08-29T14:02:12.894Z - normal: Initializing project /Users/sxx/Desktop/sxx/android/person/cocos/tuzi
2018-08-29T14:02:12.900Z - normal: Initializing Cocos2d
2018-08-29T14:02:13.579Z - normal: Initializing Asset Database
2018-08-29T14:02:13.621Z - success: protocol uuid registerred
2018-08-29T14:02:13.621Z - success: protocol db registerred
2018-08-29T14:02:13.622Z - success: protocol thumbnail registerred
2018-08-29T14:02:13.622Z - normal: Loading editor/builtin packages
2018-08-29T14:02:13.768Z - success: assets loaded
2018-08-29T14:02:13.772Z - success: builder loaded
2018-08-29T14:02:13.774Z - success: cocos-analytics loaded
2018-08-29T14:02:13.779Z - success: console loaded
2018-08-29T14:02:13.815Z - success: fb-instant-games loaded
2018-08-29T14:02:13.820Z - success: hierarchy loaded
2018-08-29T14:02:13.825Z - success: inspector loaded
2018-08-29T14:02:13.826Z - success: keystore loaded
2018-08-29T14:02:13.832Z - success: node-library loaded
2018-08-29T14:02:13.833Z - success: package-asset loaded
2018-08-29T14:02:13.836Z - success: preferences loaded
2018-08-29T14:02:13.839Z - success: project-exporter loaded
2018-08-29T14:02:13.854Z - success: project-importer loaded
2018-08-29T14:02:13.857Z - success: project-settings loaded
2018-08-29T14:02:13.863Z - success: ui-kit loaded
2018-08-29T14:02:13.867Z - success: scene loaded
2018-08-29T14:02:13.868Z - success: sprite-editor loaded
2018-08-29T14:02:13.873Z - success: store loaded
2018-08-29T14:02:13.879Z - success: timeline loaded
2018-08-29T14:02:13.879Z - normal: Loading builtin packages
2018-08-29T14:02:13.884Z - success: asset-db-debugger loaded
2018-08-29T14:02:13.886Z - success: color-picker loaded
2018-08-29T14:02:13.887Z - success: jsb-adapter loaded
2018-08-29T14:02:13.893Z - success: package-manager loaded
2018-08-29T14:02:13.894Z - success: qqplay-adapter loaded
2018-08-29T14:02:13.902Z - success: sdkbox loaded
2018-08-29T14:02:13.907Z - success: tester loaded
2018-08-29T14:02:13.916Z - success: ui-grid loaded
2018-08-29T14:02:13.921Z - success: ui-kit-preview-extra loaded
2018-08-29T14:02:13.925Z - success: ui-kit-preview loaded
2018-08-29T14:02:13.928Z - success: ui-tree loaded
2018-08-29T14:02:13.930Z - success: weapp-adapter loaded
2018-08-29T14:02:14.966Z - normal: Loading packages
2018-08-29T14:02:14.971Z - normal: Watching packages
2018-08-29T14:02:15.063Z - normal: Run Application
2018-08-29T14:02:15.915Z - success: preview server running at http://localhost:7456
2018-08-29T14:37:43.464Z - normal: Simulator: WORKAREA WIDTH 1398.00, HEIGHT 855.00
2018-08-29T14:37:43.466Z - normal: Simulator: FRAME SCALE = 0.75
2018-08-29T14:37:43.607Z - normal: Simulator: GLFWError #65544 Happen, Cocoa: Failed to retrieve display name
2018-08-29T14:37:43.607Z - normal: Simulator: 
2018-08-29T14:37:43.607Z - normal: Simulator: {
2018-08-29T14:37:43.608Z - normal: Simulator: 	gl.vendor: Intel Inc.
2018-08-29T14:37:43.608Z - normal: Simulator: 	gl.supports_PVRTC: false
2018-08-29T14:37:43.608Z - normal: Simulator: 	gl.renderer: Intel(R) Iris(TM) Graphics 540
2018-08-29T14:37:43.609Z - normal: Simulator: 	gl.supports_ATITC: false
2018-08-29T14:37:43.609Z - normal: Simulator: 	gl.supports_discard_framebuffer: false
2018-08-29T14:37:43.609Z - normal: Simulator: 	gl.supports_NPOT: true
2018-08-29T14:37:43.609Z - normal: Simulator: 	gl.max_texture_units: 16
2018-08-29T14:37:43.609Z - normal: Simulator: 	gl.supports_OES_depth24: false
2018-08-29T14:37:43.609Z - normal: Simulator: 	cocos2d.x.compiled_with_profiler: false
2018-08-29T14:37:43.610Z - normal: Simulator: 	gl.supports_OES_packed_depth_stencil: false
2018-08-29T14:37:43.610Z - normal: Simulator: 	gl.supports_vertex_array_object: true
2018-08-29T14:37:43.610Z - normal: Simulator: 	gl.supports_OES_map_buffer: false
2018-08-29T14:37:43.610Z - normal: Simulator: 	gl.version: 2.1 INTEL-10.22.29
2018-08-29T14:37:43.611Z - normal: Simulator: 	gl.supports_S3TC: true
2018-08-29T14:37:43.611Z - normal: Simulator: 	cocos2d.x.compiled_with_gl_state_cache: true
2018-08-29T14:37:43.611Z - normal: Simulator: 	gl.supports_BGRA8888: false
2018-08-29T14:37:43.611Z - normal: Simulator: 	gl.max_texture_size: 16384
2018-08-29T14:37:43.611Z - normal: Simulator: 	gl.supports_ETC1: false
2018-08-29T14:37:43.612Z - normal: Simulator: 	cocos2d.x.build_type: DEBUG
2018-08-29T14:37:43.612Z - normal: Simulator: }
2018-08-29T14:37:43.612Z - normal: Simulator: 
2018-08-29T14:37:43.612Z - normal: Simulator: 
2018-08-29T14:37:43.612Z - normal: Simulator: Project Config:
2018-08-29T14:37:43.612Z - normal: Simulator:     project dir: /Applications/CocosCreator.app/Contents/Resources/cocos2d-x/simulator/mac/Simulator.app/Contents/Resources/
2018-08-29T14:37:43.613Z - normal: Simulator:     writable path: $(PROJDIR)/
2018-08-29T14:37:43.613Z - normal: Simulator:     script file: $(PROJDIR)/main.js
2018-08-29T14:37:43.613Z - normal: Simulator:     frame size: 640 x 960
2018-08-29T14:37:43.613Z - normal: Simulator:     frame scale: 0.75
2018-08-29T14:37:43.614Z - normal: Simulator:     show console: NO
2018-08-29T14:37:43.614Z - normal: Simulator:     write debug log: NO ()
2018-08-29T14:37:43.614Z - normal: Simulator:     listen: 
2018-08-29T14:37:43.615Z - normal: Simulator:     debugger: none
2018-08-29T14:37:43.615Z - normal: Simulator:     add searching path:
2018-08-29T14:37:43.615Z - normal: Simulator: 
2018-08-29T14:37:43.616Z - normal: Simulator: 
2018-08-29T14:37:43.616Z - normal: Simulator: 
2018-08-29T14:37:43.616Z - normal: Simulator: resetDesignResolution request
2018-08-29T14:37:43.616Z - normal: Simulator: ------------------------------------------------
2018-08-29T14:37:43.616Z - normal: Simulator: LOAD Js FILE: jsb-adapter/jsb-builtin.js
2018-08-29T14:37:43.616Z - normal: Simulator: ------------------------------------------------
2018-08-29T14:37:43.616Z - normal: Simulator: Initializing JavaScriptCore 
2018-08-29T14:37:43.665Z - normal: Simulator: JS: Enable batch GL commands optimization!
2018-08-29T14:37:43.666Z - normal: Simulator: resetDesignResolution request
2018-08-29T14:37:43.667Z - normal: Simulator: ------------------------------------------------
2018-08-29T14:37:43.667Z - normal: Simulator: LOAD Js FILE: main.js
2018-08-29T14:37:43.668Z - normal: Simulator: ------------------------------------------------
2018-08-29T14:37:44.130Z - normal: Simulator: iShow!
2018-08-29T14:37:44.278Z - normal: Simulator: glGetIntegerv: pname: 0x8b4c
2018-08-29T14:37:44.279Z - normal: Simulator: glGetIntegerv: pname: 0x8869
2018-08-29T14:37:44.291Z - normal: Simulator: JS: Cocos Creator v2.0.0
2018-08-29T14:37:44.479Z - normal: Simulator: JS:  rabbitRun  this.player.rabbit.getBoundingBoxToWorld()   (542.50, 162.50, 67.00, 115.00)
2018-08-29T14:37:44.479Z - normal: Simulator: JS:  rabbitRun  this.bgMove.propArr[i][j]   (512.00, 115.00, 128.00, 75.00)
2018-08-29T14:37:44.771Z - normal: Simulator: Destroy WebGLTexture (11) by GC
2018-08-29T14:37:44.772Z - normal: Simulator: Destroy WebGLTexture (10) by GC
2018-08-29T14:37:46.855Z - normal: Simulator: JS:  rabbitRun  PropEnum.stone  0
2018-08-29T14:37:46.856Z - normal: Simulator: JS:  rabbitRun  碰到朽木
2018-08-29T14:38:13.679Z - normal: Simulator: ScriptEngine::cleanup begin ...
2018-08-29T14:38:13.679Z - normal: Simulator: GC begin ..., (Native -> JS map) count: 47
2018-08-29T14:38:13.695Z - normal: Simulator: GC end ..., (Native -> JS map) count: 47
2018-08-29T14:38:13.695Z - normal: Simulator: GC begin ..., (Native -> JS map) count: 47
2018-08-29T14:38:13.712Z - normal: Simulator: GC end ..., (Native -> JS map) count: 47
2018-08-29T14:38:13.714Z - normal: Simulator: GC begin ..., (Native -> JS map) count: 47
2018-08-29T14:38:13.730Z - normal: Simulator: GC end ..., (Native -> JS map) count: 47
2018-08-29T14:38:13.744Z - normal: Simulator: Destroy WebGLTexture (1) by GC
2018-08-29T14:38:13.744Z - normal: Simulator: Destroy WebGLBuffer (4) by GC
2018-08-29T14:38:13.745Z - normal: Simulator: Destroy WebGLBuffer (3) by GC
2018-08-29T14:38:13.745Z - normal: Simulator: Destroy WebGLBuffer (2) by GC
2018-08-29T14:38:13.746Z - normal: Simulator: Destroy WebGLBuffer (1) by GC
2018-08-29T14:38:13.746Z - normal: Simulator: Destroy WebGLTexture (9) by GC
2018-08-29T14:38:13.746Z - normal: Simulator: Destroy WebGLTexture (8) by GC
2018-08-29T14:38:13.747Z - normal: Simulator: Destroy WebGLTexture (7) by GC
2018-08-29T14:38:13.747Z - normal: Simulator: Destroy WebGLTexture (6) by GC
2018-08-29T14:38:13.748Z - normal: Simulator: Destroy WebGLTexture (5) by GC
2018-08-29T14:38:13.748Z - normal: Simulator: Destroy WebGLTexture (4) by GC
2018-08-29T14:38:13.748Z - normal: Simulator: Destroy WebGLTexture (3) by GC
2018-08-29T14:38:13.748Z - normal: Simulator: Destroy WebGLTexture (18) by GC
2018-08-29T14:38:13.749Z - normal: Simulator: Destroy WebGLTexture (17) by GC
2018-08-29T14:38:13.749Z - normal: Simulator: Destroy WebGLTexture (16) by GC
2018-08-29T14:38:13.749Z - normal: Simulator: Destroy WebGLTexture (15) by GC
2018-08-29T14:38:13.750Z - normal: Simulator: Destroy WebGLTexture (14) by GC
2018-08-29T14:38:13.750Z - normal: Simulator: Destroy WebGLTexture (13) by GC
2018-08-29T14:38:13.751Z - normal: Simulator: Destroy WebGLTexture (12) by GC
2018-08-29T14:38:13.751Z - normal: Simulator: Destroy WebGLTexture (26) by GC
2018-08-29T14:38:13.752Z - normal: Simulator: Destroy WebGLTexture (25) by GC
2018-08-29T14:38:13.752Z - normal: Simulator: Destroy WebGLTexture (24) by GC
2018-08-29T14:38:13.752Z - normal: Simulator: Destroy WebGLTexture (23) by GC
2018-08-29T14:38:13.752Z - normal: Simulator: Destroy WebGLTexture (22) by GC
2018-08-29T14:38:13.753Z - normal: Simulator: Destroy WebGLTexture (21) by GC
2018-08-29T14:38:13.753Z - normal: Simulator: Destroy WebGLTexture (20) by GC
2018-08-29T14:38:13.753Z - normal: Simulator: Destroy WebGLTexture (19) by GC
2018-08-29T14:38:13.753Z - normal: Simulator: Destroy WebGLFramebuffer (1) by GC
2018-08-29T14:38:13.753Z - normal: Simulator: Destroy WebGLTexture (37) by GC
2018-08-29T14:38:13.754Z - normal: Simulator: Destroy WebGLTexture (36) by GC
2018-08-29T14:38:13.754Z - normal: Simulator: Destroy WebGLTexture (35) by GC
2018-08-29T14:38:13.754Z - normal: Simulator: Destroy WebGLTexture (34) by GC
2018-08-29T14:38:13.755Z - normal: Simulator: Destroy WebGLTexture (33) by GC
2018-08-29T14:38:13.756Z - normal: Simulator: Destroy WebGLTexture (32) by GC
2018-08-29T14:38:13.756Z - normal: Simulator: Destroy WebGLTexture (31) by GC
2018-08-29T14:38:13.756Z - normal: Simulator: Destroy WebGLTexture (30) by GC
2018-08-29T14:38:13.756Z - normal: Simulator: Destroy WebGLTexture (29) by GC
2018-08-29T14:38:13.756Z - normal: Simulator: Destroy WebGLTexture (28) by GC
2018-08-29T14:38:13.757Z - normal: Simulator: Destroy WebGLTexture (27) by GC
2018-08-29T14:38:13.758Z - normal: Simulator: Destroy WebGLProgram (3) by GC
2018-08-29T14:38:13.758Z - normal: Simulator: Destroy WebGLTexture (2) by GC
2018-08-29T14:38:13.770Z - normal: Simulator: ScriptEngine::cleanup end ...
2018-08-29T14:38:22.966Z - normal: Simulator: WORKAREA WIDTH 1398.00, HEIGHT 855.00
2018-08-29T14:38:22.966Z - normal: Simulator: FRAME SCALE = 0.75
2018-08-29T14:38:23.074Z - normal: Simulator: GLFWError #65544 Happen, Cocoa: Failed to retrieve display name
2018-08-29T14:38:23.075Z - normal: Simulator: 
2018-08-29T14:38:23.075Z - normal: Simulator: {
2018-08-29T14:38:23.075Z - normal: Simulator: 	gl.vendor: Intel Inc.
2018-08-29T14:38:23.076Z - normal: Simulator: 	gl.supports_PVRTC: false
2018-08-29T14:38:23.076Z - normal: Simulator: 	gl.renderer: Intel(R) Iris(TM) Graphics 540
2018-08-29T14:38:23.076Z - normal: Simulator: 	gl.supports_ATITC: false
2018-08-29T14:38:23.076Z - normal: Simulator: 	gl.supports_discard_framebuffer: false
2018-08-29T14:38:23.077Z - normal: Simulator: 	gl.supports_NPOT: true
2018-08-29T14:38:23.077Z - normal: Simulator: 	gl.max_texture_units: 16
2018-08-29T14:38:23.077Z - normal: Simulator: 	gl.supports_OES_depth24: false
2018-08-29T14:38:23.077Z - normal: Simulator: 	cocos2d.x.compiled_with_profiler: false
2018-08-29T14:38:23.077Z - normal: Simulator: 	gl.supports_OES_packed_depth_stencil: false
2018-08-29T14:38:23.078Z - normal: Simulator: 	gl.supports_vertex_array_object: true
2018-08-29T14:38:23.078Z - normal: Simulator: 	gl.supports_OES_map_buffer: false
2018-08-29T14:38:23.079Z - normal: Simulator: 	gl.version: 2.1 INTEL-10.22.29
2018-08-29T14:38:23.080Z - normal: Simulator: 	gl.supports_S3TC: true
2018-08-29T14:38:23.080Z - normal: Simulator: 	cocos2d.x.compiled_with_gl_state_cache: true
2018-08-29T14:38:23.081Z - normal: Simulator: 	gl.supports_BGRA8888: false
2018-08-29T14:38:23.082Z - normal: Simulator: 	gl.max_texture_size: 16384
2018-08-29T14:38:23.084Z - normal: Simulator: 	gl.supports_ETC1: false
2018-08-29T14:38:23.084Z - normal: Simulator: 	cocos2d.x.build_type: DEBUG
2018-08-29T14:38:23.085Z - normal: Simulator: }
2018-08-29T14:38:23.085Z - normal: Simulator: 
2018-08-29T14:38:23.085Z - normal: Simulator: 
2018-08-29T14:38:23.085Z - normal: Simulator: Project Config:
2018-08-29T14:38:23.085Z - normal: Simulator:     project dir: /Applications/CocosCreator.app/Contents/Resources/cocos2d-x/simulator/mac/Simulator.app/Contents/Resources/
2018-08-29T14:38:23.085Z - normal: Simulator:     writable path: $(PROJDIR)/
2018-08-29T14:38:23.085Z - normal: Simulator:     script file: $(PROJDIR)/main.js
2018-08-29T14:38:23.086Z - normal: Simulator:     frame size: 640 x 960
2018-08-29T14:38:23.086Z - normal: Simulator:     frame scale: 0.75
2018-08-29T14:38:23.086Z - normal: Simulator:     show console: NO
2018-08-29T14:38:23.086Z - normal: Simulator:     write debug log: NO ()
2018-08-29T14:38:23.087Z - normal: Simulator:     listen: 
2018-08-29T14:38:23.087Z - normal: Simulator:     debugger: none
2018-08-29T14:38:23.087Z - normal: Simulator:     add searching path:
2018-08-29T14:38:23.087Z - normal: Simulator: 
2018-08-29T14:38:23.088Z - normal: Simulator: 
2018-08-29T14:38:23.088Z - normal: Simulator: 
2018-08-29T14:38:23.088Z - normal: Simulator: resetDesignResolution request
2018-08-29T14:38:23.088Z - normal: Simulator: ------------------------------------------------
2018-08-29T14:38:23.089Z - normal: Simulator: LOAD Js FILE: jsb-adapter/jsb-builtin.js
2018-08-29T14:38:23.089Z - normal: Simulator: ------------------------------------------------
2018-08-29T14:38:23.089Z - normal: Simulator: Initializing JavaScriptCore 
2018-08-29T14:38:23.125Z - normal: Simulator: JS: Enable batch GL commands optimization!
2018-08-29T14:38:23.126Z - normal: Simulator: resetDesignResolution request
2018-08-29T14:38:23.126Z - normal: Simulator: ------------------------------------------------
2018-08-29T14:38:23.127Z - normal: Simulator: LOAD Js FILE: main.js
2018-08-29T14:38:23.127Z - normal: Simulator: ------------------------------------------------
2018-08-29T14:38:23.528Z - normal: Simulator: iShow!
2018-08-29T14:38:23.626Z - normal: Simulator: glGetIntegerv: pname: 0x8b4c
2018-08-29T14:38:23.626Z - normal: Simulator: glGetIntegerv: pname: 0x8869
2018-08-29T14:38:23.648Z - normal: Simulator: JS: Cocos Creator v2.0.0
2018-08-29T14:38:23.798Z - normal: Simulator: JS:  rabbitRun  this.player.rabbit.getBoundingBoxToWorld()   (542.50, 162.50, 67.00, 115.00)
2018-08-29T14:38:23.800Z - normal: Simulator: JS:  rabbitRun  this.bgMove.propArr[i][j]   (512.00, 130.00, 128.00, 60.00)
2018-08-29T14:38:24.057Z - normal: Simulator: Destroy WebGLTexture (11) by GC
2018-08-29T14:38:24.057Z - normal: Simulator: Destroy WebGLTexture (10) by GC
2018-08-29T14:38:27.385Z - normal: Simulator: ScriptEngine::cleanup begin ...
2018-08-29T14:38:27.386Z - normal: Simulator: GC begin ..., (Native -> JS map) count: 47
2018-08-29T14:38:27.402Z - normal: Simulator: GC end ..., (Native -> JS map) count: 47
2018-08-29T14:38:27.404Z - normal: Simulator: GC begin ..., (Native -> JS map) count: 47
2018-08-29T14:38:27.421Z - normal: Simulator: GC end ..., (Native -> JS map) count: 47
2018-08-29T14:38:27.422Z - normal: Simulator: GC begin ..., (Native -> JS map) count: 47
2018-08-29T14:38:27.444Z - normal: Simulator: GC end ..., (Native -> JS map) count: 47
2018-08-29T14:38:27.447Z - normal: Simulator: Destroy WebGLTexture (1) by GC
2018-08-29T14:38:27.448Z - normal: Simulator: Destroy WebGLBuffer (4) by GC
2018-08-29T14:38:27.448Z - normal: Simulator: Destroy WebGLBuffer (3) by GC
2018-08-29T14:38:27.448Z - normal: Simulator: Destroy WebGLBuffer (2) by GC
2018-08-29T14:38:27.450Z - normal: Simulator: Destroy WebGLBuffer (1) by GC
2018-08-29T14:38:27.450Z - normal: Simulator: Destroy WebGLTexture (9) by GC
2018-08-29T14:38:27.450Z - normal: Simulator: Destroy WebGLTexture (8) by GC
2018-08-29T14:38:27.451Z - normal: Simulator: Destroy WebGLTexture (7) by GC
2018-08-29T14:38:27.451Z - normal: Simulator: Destroy WebGLTexture (6) by GC
2018-08-29T14:38:27.451Z - normal: Simulator: Destroy WebGLTexture (5) by GC
2018-08-29T14:38:27.451Z - normal: Simulator: Destroy WebGLTexture (4) by GC
2018-08-29T14:38:27.451Z - normal: Simulator: Destroy WebGLTexture (3) by GC
2018-08-29T14:38:27.452Z - normal: Simulator: Destroy WebGLTexture (19) by GC
2018-08-29T14:38:27.452Z - normal: Simulator: Destroy WebGLTexture (18) by GC
2018-08-29T14:38:27.452Z - normal: Simulator: Destroy WebGLTexture (17) by GC
2018-08-29T14:38:27.452Z - normal: Simulator: Destroy WebGLTexture (16) by GC
2018-08-29T14:38:27.453Z - normal: Simulator: Destroy WebGLTexture (15) by GC
2018-08-29T14:38:27.453Z - normal: Simulator: Destroy WebGLTexture (14) by GC
2018-08-29T14:38:27.453Z - normal: Simulator: Destroy WebGLTexture (13) by GC
2018-08-29T14:38:27.453Z - normal: Simulator: Destroy WebGLTexture (12) by GC
2018-08-29T14:38:27.454Z - normal: Simulator: Destroy WebGLTexture (26) by GC
2018-08-29T14:38:27.455Z - normal: Simulator: Destroy WebGLTexture (25) by GC
2018-08-29T14:38:27.456Z - normal: Simulator: Destroy WebGLTexture (24) by GC
2018-08-29T14:38:27.456Z - normal: Simulator: Destroy WebGLTexture (23) by GC
2018-08-29T14:38:27.456Z - normal: Simulator: Destroy WebGLTexture (22) by GC
2018-08-29T14:38:27.456Z - normal: Simulator: Destroy WebGLTexture (21) by GC
2018-08-29T14:38:27.457Z - normal: Simulator: Destroy WebGLTexture (20) by GC
2018-08-29T14:38:27.458Z - normal: Simulator: Destroy WebGLTexture (36) by GC
2018-08-29T14:38:27.459Z - normal: Simulator: Destroy WebGLTexture (35) by GC
2018-08-29T14:38:27.460Z - normal: Simulator: Destroy WebGLTexture (34) by GC
2018-08-29T14:38:27.460Z - normal: Simulator: Destroy WebGLTexture (33) by GC
2018-08-29T14:38:27.461Z - normal: Simulator: Destroy WebGLTexture (32) by GC
2018-08-29T14:38:27.462Z - normal: Simulator: Destroy WebGLTexture (31) by GC
2018-08-29T14:38:27.462Z - normal: Simulator: Destroy WebGLTexture (30) by GC
2018-08-29T14:38:27.462Z - normal: Simulator: Destroy WebGLTexture (29) by GC
2018-08-29T14:38:27.462Z - normal: Simulator: Destroy WebGLTexture (28) by GC
2018-08-29T14:38:27.462Z - normal: Simulator: Destroy WebGLTexture (27) by GC
2018-08-29T14:38:27.463Z - normal: Simulator: Destroy WebGLFramebuffer (1) by GC
2018-08-29T14:38:27.463Z - normal: Simulator: Destroy WebGLTexture (37) by GC
2018-08-29T14:38:27.463Z - normal: Simulator: Destroy WebGLProgram (3) by GC
2018-08-29T14:38:27.464Z - normal: Simulator: Destroy WebGLTexture (2) by GC
2018-08-29T14:38:27.484Z - normal: Simulator: ScriptEngine::cleanup end ...
2018-08-29T14:38:28.706Z - normal: Simulator: WORKAREA WIDTH 1398.00, HEIGHT 855.00
2018-08-29T14:38:28.706Z - normal: Simulator: FRAME SCALE = 0.75
2018-08-29T14:38:28.797Z - normal: Simulator: GLFWError #65544 Happen, Cocoa: Failed to retrieve display name
2018-08-29T14:38:28.797Z - normal: Simulator: 
2018-08-29T14:38:28.797Z - normal: Simulator: {
2018-08-29T14:38:28.798Z - normal: Simulator: 	gl.vendor: Intel Inc.
2018-08-29T14:38:28.815Z - normal: Simulator: 	gl.supports_PVRTC: false
2018-08-29T14:38:28.816Z - normal: Simulator: 	gl.renderer: Intel(R) Iris(TM) Graphics 540
2018-08-29T14:38:28.816Z - normal: Simulator: 	gl.supports_ATITC: false
2018-08-29T14:38:28.817Z - normal: Simulator: 	gl.supports_discard_framebuffer: false
2018-08-29T14:38:28.817Z - normal: Simulator: 	gl.supports_NPOT: true
2018-08-29T14:38:28.817Z - normal: Simulator: 	gl.max_texture_units: 16
2018-08-29T14:38:28.817Z - normal: Simulator: 	gl.supports_OES_depth24: false
2018-08-29T14:38:28.818Z - normal: Simulator: 	cocos2d.x.compiled_with_profiler: false
2018-08-29T14:38:28.818Z - normal: Simulator: 	gl.supports_OES_packed_depth_stencil: false
2018-08-29T14:38:28.818Z - normal: Simulator: 	gl.supports_vertex_array_object: true
2018-08-29T14:38:28.818Z - normal: Simulator: 	gl.supports_OES_map_buffer: false
2018-08-29T14:38:28.818Z - normal: Simulator: 	gl.version: 2.1 INTEL-10.22.29
2018-08-29T14:38:28.819Z - normal: Simulator: 	gl.supports_S3TC: true
2018-08-29T14:38:28.819Z - normal: Simulator: 	cocos2d.x.compiled_with_gl_state_cache: true
2018-08-29T14:38:28.819Z - normal: Simulator: 	gl.supports_BGRA8888: false
2018-08-29T14:38:28.819Z - normal: Simulator: 	gl.max_texture_size: 16384
2018-08-29T14:38:28.819Z - normal: Simulator: 	gl.supports_ETC1: false
2018-08-29T14:38:28.819Z - normal: Simulator: 	cocos2d.x.build_type: DEBUG
2018-08-29T14:38:28.820Z - normal: Simulator: }
2018-08-29T14:38:28.820Z - normal: Simulator: 
2018-08-29T14:38:28.820Z - normal: Simulator: 
2018-08-29T14:38:28.820Z - normal: Simulator: Project Config:
2018-08-29T14:38:28.820Z - normal: Simulator:     project dir: /Applications/CocosCreator.app/Contents/Resources/cocos2d-x/simulator/mac/Simulator.app/Contents/Resources/
2018-08-29T14:38:28.820Z - normal: Simulator:     writable path: $(PROJDIR)/
2018-08-29T14:38:28.821Z - normal: Simulator:     script file: $(PROJDIR)/main.js
2018-08-29T14:38:28.821Z - normal: Simulator:     frame size: 640 x 960
2018-08-29T14:38:28.821Z - normal: Simulator:     frame scale: 0.75
2018-08-29T14:38:28.821Z - normal: Simulator:     show console: NO
2018-08-29T14:38:28.821Z - normal: Simulator:     write debug log: NO ()
2018-08-29T14:38:28.821Z - normal: Simulator:     listen: 
2018-08-29T14:38:28.822Z - normal: Simulator:     debugger: none
2018-08-29T14:38:28.822Z - normal: Simulator:     add searching path:
2018-08-29T14:38:28.822Z - normal: Simulator: 
2018-08-29T14:38:28.822Z - normal: Simulator: 
2018-08-29T14:38:28.823Z - normal: Simulator: 
2018-08-29T14:38:28.823Z - normal: Simulator: resetDesignResolution request
2018-08-29T14:38:28.823Z - normal: Simulator: ------------------------------------------------
2018-08-29T14:38:28.823Z - normal: Simulator: LOAD Js FILE: jsb-adapter/jsb-builtin.js
2018-08-29T14:38:28.823Z - normal: Simulator: ------------------------------------------------
2018-08-29T14:38:28.825Z - normal: Simulator: Initializing JavaScriptCore 
2018-08-29T14:38:28.858Z - normal: Simulator: JS: Enable batch GL commands optimization!
2018-08-29T14:38:28.859Z - normal: Simulator: resetDesignResolution request
2018-08-29T14:38:28.859Z - normal: Simulator: ------------------------------------------------
2018-08-29T14:38:28.860Z - normal: Simulator: LOAD Js FILE: main.js
2018-08-29T14:38:28.860Z - normal: Simulator: ------------------------------------------------
2018-08-29T14:38:29.215Z - normal: Simulator: iShow!
2018-08-29T14:38:29.311Z - normal: Simulator: glGetIntegerv: pname: 0x8b4c
2018-08-29T14:38:29.311Z - normal: Simulator: glGetIntegerv: pname: 0x8869
2018-08-29T14:38:29.319Z - normal: Simulator: JS: Cocos Creator v2.0.0
2018-08-29T14:38:29.482Z - normal: Simulator: JS:  rabbitRun  this.player.rabbit.getBoundingBoxToWorld()   (542.50, 162.50, 67.00, 115.00)
2018-08-29T14:38:29.482Z - normal: Simulator: JS:  rabbitRun  this.bgMove.propArr[i][j]   (512.00, 128.00, 128.00, 62.00)
2018-08-29T14:38:29.729Z - normal: Simulator: Destroy WebGLTexture (11) by GC
2018-08-29T14:38:29.729Z - normal: Simulator: Destroy WebGLTexture (10) by GC
2018-08-29T14:38:32.162Z - normal: Simulator: JS:  rabbitRun  PropEnum.stone  0
2018-08-29T14:38:32.562Z - normal: Simulator: JS:  rabbitRun  PropEnum.stone  0
2018-08-29T14:38:32.964Z - normal: Simulator: JS:  rabbitRun  PropEnum.stone  0
2018-08-29T14:38:33.379Z - normal: Simulator: JS:  rabbitRun  PropEnum.stone  0
2018-08-29T14:38:33.794Z - normal: Simulator: JS:  rabbitRun  PropEnum.stone  0
2018-08-29T14:38:33.932Z - normal: Simulator: JS:  GameControl customData : jump_2
2018-08-29T14:38:34.611Z - normal: Simulator: JS:  rabbitRun  PropEnum.stone  0
2018-08-29T14:38:34.611Z - normal: Simulator: JS:  rabbitRun  碰到空的
2018-08-29T14:38:39.234Z - normal: Simulator: ScriptEngine::cleanup begin ...
2018-08-29T14:38:39.235Z - normal: Simulator: GC begin ..., (Native -> JS map) count: 47
2018-08-29T14:38:39.250Z - normal: Simulator: GC end ..., (Native -> JS map) count: 47
2018-08-29T14:38:39.250Z - normal: Simulator: GC begin ..., (Native -> JS map) count: 47
2018-08-29T14:38:39.266Z - normal: Simulator: GC end ..., (Native -> JS map) count: 47
2018-08-29T14:38:39.266Z - normal: Simulator: GC begin ..., (Native -> JS map) count: 47
2018-08-29T14:38:39.284Z - normal: Simulator: GC end ..., (Native -> JS map) count: 47
2018-08-29T14:38:39.291Z - normal: Simulator: Destroy WebGLTexture (1) by GC
2018-08-29T14:38:39.291Z - normal: Simulator: Destroy WebGLBuffer (4) by GC
2018-08-29T14:38:39.291Z - normal: Simulator: Destroy WebGLBuffer (3) by GC
2018-08-29T14:38:39.291Z - normal: Simulator: Destroy WebGLBuffer (2) by GC
2018-08-29T14:38:39.292Z - normal: Simulator: Destroy WebGLBuffer (1) by GC
2018-08-29T14:38:39.293Z - normal: Simulator: Destroy WebGLTexture (9) by GC
2018-08-29T14:38:39.295Z - normal: Simulator: Destroy WebGLTexture (8) by GC
2018-08-29T14:38:39.297Z - normal: Simulator: Destroy WebGLTexture (7) by GC
2018-08-29T14:38:39.297Z - normal: Simulator: Destroy WebGLTexture (6) by GC
2018-08-29T14:38:39.301Z - normal: Simulator: Destroy WebGLTexture (5) by GC
2018-08-29T14:38:39.302Z - normal: Simulator: Destroy WebGLTexture (4) by GC
2018-08-29T14:38:39.303Z - normal: Simulator: Destroy WebGLTexture (3) by GC
2018-08-29T14:38:39.303Z - normal: Simulator: Destroy WebGLTexture (20) by GC
2018-08-29T14:38:39.304Z - normal: Simulator: Destroy WebGLTexture (19) by GC
2018-08-29T14:38:39.304Z - normal: Simulator: Destroy WebGLTexture (18) by GC
2018-08-29T14:38:39.304Z - normal: Simulator: Destroy WebGLTexture (17) by GC
2018-08-29T14:38:39.304Z - normal: Simulator: Destroy WebGLTexture (16) by GC
2018-08-29T14:38:39.305Z - normal: Simulator: Destroy WebGLTexture (15) by GC
2018-08-29T14:38:39.305Z - normal: Simulator: Destroy WebGLTexture (14) by GC
2018-08-29T14:38:39.305Z - normal: Simulator: Destroy WebGLTexture (13) by GC
2018-08-29T14:38:39.305Z - normal: Simulator: Destroy WebGLTexture (12) by GC
2018-08-29T14:38:39.305Z - normal: Simulator: Destroy WebGLTexture (30) by GC
2018-08-29T14:38:39.306Z - normal: Simulator: Destroy WebGLTexture (29) by GC
2018-08-29T14:38:39.306Z - normal: Simulator: Destroy WebGLTexture (28) by GC
2018-08-29T14:38:39.306Z - normal: Simulator: Destroy WebGLTexture (27) by GC
2018-08-29T14:38:39.306Z - normal: Simulator: Destroy WebGLTexture (26) by GC
2018-08-29T14:38:39.306Z - normal: Simulator: Destroy WebGLTexture (25) by GC
2018-08-29T14:38:39.306Z - normal: Simulator: Destroy WebGLTexture (24) by GC
2018-08-29T14:38:39.306Z - normal: Simulator: Destroy WebGLTexture (23) by GC
2018-08-29T14:38:39.307Z - normal: Simulator: Destroy WebGLTexture (22) by GC
2018-08-29T14:38:39.307Z - normal: Simulator: Destroy WebGLTexture (21) by GC
2018-08-29T14:38:39.308Z - normal: Simulator: Destroy WebGLFramebuffer (1) by GC
2018-08-29T14:38:39.308Z - normal: Simulator: Destroy WebGLTexture (37) by GC
2018-08-29T14:38:39.308Z - normal: Simulator: Destroy WebGLTexture (36) by GC
2018-08-29T14:38:39.308Z - normal: Simulator: Destroy WebGLTexture (35) by GC
2018-08-29T14:38:39.308Z - normal: Simulator: Destroy WebGLTexture (34) by GC
2018-08-29T14:38:39.309Z - normal: Simulator: Destroy WebGLTexture (33) by GC
2018-08-29T14:38:39.309Z - normal: Simulator: Destroy WebGLTexture (32) by GC
2018-08-29T14:38:39.309Z - normal: Simulator: Destroy WebGLTexture (31) by GC
2018-08-29T14:38:39.309Z - normal: Simulator: Destroy WebGLProgram (3) by GC
2018-08-29T14:38:39.309Z - normal: Simulator: Destroy WebGLTexture (2) by GC
2018-08-29T14:38:39.320Z - normal: Simulator: ScriptEngine::cleanup end ...
2018-08-29T14:39:24.715Z - normal: Simulator: WORKAREA WIDTH 1398.00, HEIGHT 855.00
2018-08-29T14:39:24.716Z - normal: Simulator: FRAME SCALE = 0.75
2018-08-29T14:39:24.826Z - normal: Simulator: GLFWError #65544 Happen, Cocoa: Failed to retrieve display name
2018-08-29T14:39:24.827Z - normal: Simulator: 
2018-08-29T14:39:24.827Z - normal: Simulator: {
2018-08-29T14:39:24.828Z - normal: Simulator: 	gl.vendor: Intel Inc.
2018-08-29T14:39:24.828Z - normal: Simulator: 	gl.supports_PVRTC: false
2018-08-29T14:39:24.828Z - normal: Simulator: 	gl.renderer: Intel(R) Iris(TM) Graphics 540
2018-08-29T14:39:24.828Z - normal: Simulator: 	gl.supports_ATITC: false
2018-08-29T14:39:24.829Z - normal: Simulator: 	gl.supports_discard_framebuffer: false
2018-08-29T14:39:24.829Z - normal: Simulator: 	gl.supports_NPOT: true
2018-08-29T14:39:24.829Z - normal: Simulator: 	gl.max_texture_units: 16
2018-08-29T14:39:24.829Z - normal: Simulator: 	gl.supports_OES_depth24: false
2018-08-29T14:39:24.829Z - normal: Simulator: 	cocos2d.x.compiled_with_profiler: false
2018-08-29T14:39:24.829Z - normal: Simulator: 	gl.supports_OES_packed_depth_stencil: false
2018-08-29T14:39:24.830Z - normal: Simulator: 	gl.supports_vertex_array_object: true
2018-08-29T14:39:24.830Z - normal: Simulator: 	gl.supports_OES_map_buffer: false
2018-08-29T14:39:24.830Z - normal: Simulator: 	gl.version: 2.1 INTEL-10.22.29
2018-08-29T14:39:24.830Z - normal: Simulator: 	gl.supports_S3TC: true
2018-08-29T14:39:24.830Z - normal: Simulator: 	cocos2d.x.compiled_with_gl_state_cache: true
2018-08-29T14:39:24.830Z - normal: Simulator: 	gl.supports_BGRA8888: false
2018-08-29T14:39:24.831Z - normal: Simulator: 	gl.max_texture_size: 16384
2018-08-29T14:39:24.831Z - normal: Simulator: 	gl.supports_ETC1: false
2018-08-29T14:39:24.831Z - normal: Simulator: 	cocos2d.x.build_type: DEBUG
2018-08-29T14:39:24.832Z - normal: Simulator: }
2018-08-29T14:39:24.832Z - normal: Simulator: 
2018-08-29T14:39:24.833Z - normal: Simulator: 
2018-08-29T14:39:24.833Z - normal: Simulator: Project Config:
2018-08-29T14:39:24.834Z - normal: Simulator:     project dir: /Applications/CocosCreator.app/Contents/Resources/cocos2d-x/simulator/mac/Simulator.app/Contents/Resources/
2018-08-29T14:39:24.834Z - normal: Simulator:     writable path: $(PROJDIR)/
2018-08-29T14:39:24.834Z - normal: Simulator:     script file: $(PROJDIR)/main.js
2018-08-29T14:39:24.834Z - normal: Simulator:     frame size: 640 x 960
2018-08-29T14:39:24.834Z - normal: Simulator:     frame scale: 0.75
2018-08-29T14:39:24.834Z - normal: Simulator:     show console: NO
2018-08-29T14:39:24.835Z - normal: Simulator:     write debug log: NO ()
2018-08-29T14:39:24.835Z - normal: Simulator:     listen: 
2018-08-29T14:39:24.835Z - normal: Simulator:     debugger: none
2018-08-29T14:39:24.835Z - normal: Simulator:     add searching path:
2018-08-29T14:39:24.835Z - normal: Simulator: 
2018-08-29T14:39:24.836Z - normal: Simulator: 
2018-08-29T14:39:24.836Z - normal: Simulator: 
2018-08-29T14:39:24.836Z - normal: Simulator: resetDesignResolution request
2018-08-29T14:39:24.836Z - normal: Simulator: ------------------------------------------------
2018-08-29T14:39:24.836Z - normal: Simulator: LOAD Js FILE: jsb-adapter/jsb-builtin.js
2018-08-29T14:39:24.836Z - normal: Simulator: ------------------------------------------------
2018-08-29T14:39:24.837Z - normal: Simulator: Initializing JavaScriptCore 
2018-08-29T14:39:24.873Z - normal: Simulator: JS: Enable batch GL commands optimization!
2018-08-29T14:39:24.873Z - normal: Simulator: resetDesignResolution request
2018-08-29T14:39:24.873Z - normal: Simulator: ------------------------------------------------
2018-08-29T14:39:24.874Z - normal: Simulator: LOAD Js FILE: main.js
2018-08-29T14:39:24.874Z - normal: Simulator: ------------------------------------------------
2018-08-29T14:39:25.275Z - normal: Simulator: iShow!
2018-08-29T14:39:25.375Z - normal: Simulator: glGetIntegerv: pname: 0x8b4c
2018-08-29T14:39:25.375Z - normal: Simulator: glGetIntegerv: pname: 0x8869
2018-08-29T14:39:25.400Z - normal: Simulator: JS: Cocos Creator v2.0.0
2018-08-29T14:39:25.553Z - normal: Simulator: JS:  rabbitRun  this.player.rabbit.getBoundingBoxToWorld()   (542.50, 162.50, 67.00, 115.00)
2018-08-29T14:39:25.554Z - normal: Simulator: JS:  rabbitRun  this.bgMove.propArr[i][j]   (512.00, 130.00, 128.00, 60.00)
2018-08-29T14:39:25.797Z - normal: Simulator: Destroy WebGLTexture (11) by GC
2018-08-29T14:39:25.797Z - normal: Simulator: Destroy WebGLTexture (10) by GC
2018-08-29T14:39:34.949Z - normal: Simulator: JS:  rabbitRun  PropEnum.stone  0
2018-08-29T14:39:35.347Z - normal: Simulator: JS:  rabbitRun  PropEnum.stone  0
2018-08-29T14:39:35.763Z - normal: Simulator: JS:  rabbitRun  PropEnum.stone  0
2018-08-29T14:39:36.081Z - normal: Simulator: JS:  GameControl customData : jump_2
2018-08-29T14:39:36.581Z - normal: Simulator: JS:  rabbitRun  PropEnum.stone  0
2018-08-29T14:39:36.582Z - normal: Simulator: JS:  rabbitRun  碰到朽木
2018-08-29T14:39:41.320Z - normal: Simulator: ScriptEngine::cleanup begin ...
2018-08-29T14:39:41.322Z - normal: Simulator: GC begin ..., (Native -> JS map) count: 28
2018-08-29T14:39:41.336Z - normal: Simulator: GC end ..., (Native -> JS map) count: 28
2018-08-29T14:39:41.337Z - normal: Simulator: GC begin ..., (Native -> JS map) count: 28
2018-08-29T14:39:41.356Z - normal: Simulator: GC end ..., (Native -> JS map) count: 28
2018-08-29T14:39:41.356Z - normal: Simulator: GC begin ..., (Native -> JS map) count: 28
2018-08-29T14:39:41.374Z - normal: Simulator: GC end ..., (Native -> JS map) count: 28
2018-08-29T14:39:41.384Z - normal: Simulator: Destroy WebGLTexture (1) by GC
2018-08-29T14:39:41.385Z - normal: Simulator: Destroy WebGLBuffer (4) by GC
2018-08-29T14:39:41.385Z - normal: Simulator: Destroy WebGLBuffer (3) by GC
2018-08-29T14:39:41.386Z - normal: Simulator: Destroy WebGLBuffer (2) by GC
2018-08-29T14:39:41.386Z - normal: Simulator: Destroy WebGLBuffer (1) by GC
2018-08-29T14:39:41.386Z - normal: Simulator: Destroy WebGLTexture (9) by GC
2018-08-29T14:39:41.386Z - normal: Simulator: Destroy WebGLTexture (8) by GC
2018-08-29T14:39:41.386Z - normal: Simulator: Destroy WebGLTexture (7) by GC
2018-08-29T14:39:41.387Z - normal: Simulator: Destroy WebGLTexture (6) by GC
2018-08-29T14:39:41.387Z - normal: Simulator: Destroy WebGLTexture (5) by GC
2018-08-29T14:39:41.387Z - normal: Simulator: Destroy WebGLTexture (4) by GC
2018-08-29T14:39:41.387Z - normal: Simulator: Destroy WebGLTexture (3) by GC
2018-08-29T14:39:41.387Z - normal: Simulator: Destroy WebGLTexture (16) by GC
2018-08-29T14:39:41.388Z - normal: Simulator: Destroy WebGLTexture (15) by GC
2018-08-29T14:39:41.388Z - normal: Simulator: Destroy WebGLTexture (14) by GC
2018-08-29T14:39:41.388Z - normal: Simulator: Destroy WebGLTexture (13) by GC
2018-08-29T14:39:41.388Z - normal: Simulator: Destroy WebGLTexture (12) by GC
2018-08-29T14:39:41.388Z - normal: Simulator: Destroy WebGLFramebuffer (1) by GC
2018-08-29T14:39:41.388Z - normal: Simulator: Destroy WebGLTexture (18) by GC
2018-08-29T14:39:41.389Z - normal: Simulator: Destroy WebGLTexture (17) by GC
2018-08-29T14:39:41.389Z - normal: Simulator: Destroy WebGLProgram (3) by GC
2018-08-29T14:39:41.389Z - normal: Simulator: Destroy WebGLTexture (2) by GC
2018-08-29T14:39:41.415Z - normal: Simulator: ScriptEngine::cleanup end ...
2018-08-29T14:44:12.346Z - normal: Simulator: WORKAREA WIDTH 1399.00, HEIGHT 855.00
2018-08-29T14:44:12.347Z - normal: Simulator: FRAME SCALE = 0.75
2018-08-29T14:44:12.347Z - normal: Simulator: GLFWError #65544 Happen, Cocoa: Failed to retrieve display name
2018-08-29T14:44:12.348Z - normal: Simulator: 
2018-08-29T14:44:12.348Z - normal: Simulator: {
2018-08-29T14:44:12.348Z - normal: Simulator: 	gl.vendor: Intel Inc.
2018-08-29T14:44:12.348Z - normal: Simulator: 	gl.supports_PVRTC: false
2018-08-29T14:44:12.349Z - normal: Simulator: 	gl.renderer: Intel(R) Iris(TM) Graphics 540
2018-08-29T14:44:12.349Z - normal: Simulator: 	gl.supports_ATITC: false
2018-08-29T14:44:12.349Z - normal: Simulator: 	gl.supports_discard_framebuffer: false
2018-08-29T14:44:12.349Z - normal: Simulator: 	gl.supports_NPOT: true
2018-08-29T14:44:12.349Z - normal: Simulator: 	gl.max_texture_units: 16
2018-08-29T14:44:12.349Z - normal: Simulator: 	gl.supports_OES_depth24: false
2018-08-29T14:44:12.349Z - normal: Simulator: 	cocos2d.x.compiled_with_profiler: false
2018-08-29T14:44:12.350Z - normal: Simulator: 	gl.supports_OES_packed_depth_stencil: false
2018-08-29T14:44:12.350Z - normal: Simulator: 	gl.supports_vertex_array_object: true
2018-08-29T14:44:12.350Z - normal: Simulator: 	gl.supports_OES_map_buffer: false
2018-08-29T14:44:12.350Z - normal: Simulator: 	gl.version: 2.1 INTEL-10.22.29
2018-08-29T14:44:12.351Z - normal: Simulator: 	gl.supports_S3TC: true
2018-08-29T14:44:12.351Z - normal: Simulator: 	cocos2d.x.compiled_with_gl_state_cache: true
2018-08-29T14:44:12.352Z - normal: Simulator: 	gl.supports_BGRA8888: false
2018-08-29T14:44:12.353Z - normal: Simulator: 	gl.max_texture_size: 16384
2018-08-29T14:44:12.353Z - normal: Simulator: 	gl.supports_ETC1: false
2018-08-29T14:44:12.353Z - normal: Simulator: 	cocos2d.x.build_type: DEBUG
2018-08-29T14:44:12.353Z - normal: Simulator: }
2018-08-29T14:44:12.353Z - normal: Simulator: 
2018-08-29T14:44:12.353Z - normal: Simulator: 
2018-08-29T14:44:12.354Z - normal: Simulator: Project Config:
2018-08-29T14:44:12.354Z - normal: Simulator:     project dir: /Applications/CocosCreator.app/Contents/Resources/cocos2d-x/simulator/mac/Simulator.app/Contents/Resources/
2018-08-29T14:44:12.354Z - normal: Simulator:     writable path: $(PROJDIR)/
2018-08-29T14:44:12.354Z - normal: Simulator:     script file: $(PROJDIR)/main.js
2018-08-29T14:44:12.354Z - normal: Simulator:     frame size: 640 x 960
2018-08-29T14:44:12.354Z - normal: Simulator:     frame scale: 0.75
2018-08-29T14:44:12.354Z - normal: Simulator:     show console: NO
2018-08-29T14:44:12.355Z - normal: Simulator:     write debug log: NO ()
2018-08-29T14:44:12.355Z - normal: Simulator:     listen: 
2018-08-29T14:44:12.355Z - normal: Simulator:     debugger: none
2018-08-29T14:44:12.355Z - normal: Simulator:     add searching path:
2018-08-29T14:44:12.355Z - normal: Simulator: 
2018-08-29T14:44:12.355Z - normal: Simulator: 
2018-08-29T14:44:12.355Z - normal: Simulator: 
2018-08-29T14:44:12.356Z - normal: Simulator: resetDesignResolution request
2018-08-29T14:44:12.356Z - normal: Simulator: ------------------------------------------------
2018-08-29T14:44:12.356Z - normal: Simulator: LOAD Js FILE: jsb-adapter/jsb-builtin.js
2018-08-29T14:44:12.356Z - normal: Simulator: ------------------------------------------------
2018-08-29T14:44:12.356Z - normal: Simulator: Initializing JavaScriptCore 
2018-08-29T14:44:12.387Z - normal: Simulator: JS: Enable batch GL commands optimization!
2018-08-29T14:44:12.387Z - normal: Simulator: resetDesignResolution request
2018-08-29T14:44:12.388Z - normal: Simulator: ------------------------------------------------
2018-08-29T14:44:12.388Z - normal: Simulator: LOAD Js FILE: main.js
2018-08-29T14:44:12.388Z - normal: Simulator: ------------------------------------------------
2018-08-29T14:44:12.798Z - normal: Simulator: iShow!
2018-08-29T14:44:12.913Z - normal: Simulator: glGetIntegerv: pname: 0x8b4c
2018-08-29T14:44:12.913Z - normal: Simulator: glGetIntegerv: pname: 0x8869
2018-08-29T14:44:12.924Z - normal: Simulator: JS: Cocos Creator v2.0.0
2018-08-29T14:44:13.117Z - normal: Simulator: JS:  rabbitRun  this.player.rabbit.getBoundingBoxToWorld()   (542.50, 162.50, 67.00, 115.00)
2018-08-29T14:44:13.118Z - normal: Simulator: JS:  rabbitRun  this.bgMove.propArr[i][j]   (512.00, 130.00, 128.00, 60.00)
2018-08-29T14:44:13.402Z - normal: Simulator: Destroy WebGLTexture (11) by GC
2018-08-29T14:44:13.402Z - normal: Simulator: Destroy WebGLTexture (10) by GC
2018-08-29T14:44:19.035Z - normal: Simulator: ScriptEngine::cleanup begin ...
2018-08-29T14:44:19.035Z - normal: Simulator: GC begin ..., (Native -> JS map) count: 28
2018-08-29T14:44:19.057Z - normal: Simulator: GC end ..., (Native -> JS map) count: 28
2018-08-29T14:44:19.057Z - normal: Simulator: GC begin ..., (Native -> JS map) count: 28
2018-08-29T14:44:19.065Z - normal: Simulator: GC end ..., (Native -> JS map) count: 28
2018-08-29T14:44:19.075Z - normal: Simulator: GC begin ..., (Native -> JS map) count: 28
2018-08-29T14:44:19.091Z - normal: Simulator: GC end ..., (Native -> JS map) count: 28
2018-08-29T14:44:19.093Z - normal: Simulator: Destroy WebGLTexture (1) by GC
2018-08-29T14:44:19.093Z - normal: Simulator: Destroy WebGLBuffer (4) by GC
2018-08-29T14:44:19.094Z - normal: Simulator: Destroy WebGLBuffer (3) by GC
2018-08-29T14:44:19.094Z - normal: Simulator: Destroy WebGLBuffer (2) by GC
2018-08-29T14:44:19.094Z - normal: Simulator: Destroy WebGLBuffer (1) by GC
2018-08-29T14:44:19.095Z - normal: Simulator: Destroy WebGLTexture (9) by GC
2018-08-29T14:44:19.095Z - normal: Simulator: Destroy WebGLTexture (8) by GC
2018-08-29T14:44:19.095Z - normal: Simulator: Destroy WebGLTexture (7) by GC
2018-08-29T14:44:19.096Z - normal: Simulator: Destroy WebGLTexture (6) by GC
2018-08-29T14:44:19.097Z - normal: Simulator: Destroy WebGLTexture (5) by GC
2018-08-29T14:44:19.098Z - normal: Simulator: Destroy WebGLTexture (4) by GC
2018-08-29T14:44:19.098Z - normal: Simulator: Destroy WebGLTexture (3) by GC
2018-08-29T14:44:19.099Z - normal: Simulator: Destroy WebGLTexture (17) by GC
2018-08-29T14:44:19.100Z - normal: Simulator: Destroy WebGLTexture (16) by GC
2018-08-29T14:44:19.100Z - normal: Simulator: Destroy WebGLTexture (15) by GC
2018-08-29T14:44:19.100Z - normal: Simulator: Destroy WebGLTexture (14) by GC
2018-08-29T14:44:19.100Z - normal: Simulator: Destroy WebGLTexture (13) by GC
2018-08-29T14:44:19.100Z - normal: Simulator: Destroy WebGLTexture (12) by GC
2018-08-29T14:44:19.100Z - normal: Simulator: Destroy WebGLFramebuffer (1) by GC
2018-08-29T14:44:19.101Z - normal: Simulator: Destroy WebGLTexture (18) by GC
2018-08-29T14:44:19.102Z - normal: Simulator: Destroy WebGLProgram (3) by GC
2018-08-29T14:44:19.102Z - normal: Simulator: Destroy WebGLTexture (2) by GC
2018-08-29T14:44:19.129Z - normal: Simulator: ScriptEngine::cleanup end ...
2018-08-29T14:44:26.736Z - normal: Simulator: WORKAREA WIDTH 1399.00, HEIGHT 855.00
2018-08-29T14:44:26.737Z - normal: Simulator: FRAME SCALE = 0.75
2018-08-29T14:44:26.823Z - normal: Simulator: GLFWError #65544 Happen, Cocoa: Failed to retrieve display name
2018-08-29T14:44:26.823Z - normal: Simulator: 
2018-08-29T14:44:26.823Z - normal: Simulator: {
2018-08-29T14:44:26.824Z - normal: Simulator: 	gl.vendor: Intel Inc.
2018-08-29T14:44:26.824Z - normal: Simulator: 	gl.supports_PVRTC: false
2018-08-29T14:44:26.824Z - normal: Simulator: 	gl.renderer: Intel(R) Iris(TM) Graphics 540
2018-08-29T14:44:26.848Z - normal: Simulator: 	gl.supports_ATITC: false
2018-08-29T14:44:26.849Z - normal: Simulator: 	gl.supports_discard_framebuffer: false
2018-08-29T14:44:26.849Z - normal: Simulator: 	gl.supports_NPOT: true
2018-08-29T14:44:26.849Z - normal: Simulator: 	gl.max_texture_units: 16
2018-08-29T14:44:26.849Z - normal: Simulator: 	gl.supports_OES_depth24: false
2018-08-29T14:44:26.849Z - normal: Simulator: 	cocos2d.x.compiled_with_profiler: false
2018-08-29T14:44:26.849Z - normal: Simulator: 	gl.supports_OES_packed_depth_stencil: false
2018-08-29T14:44:26.850Z - normal: Simulator: 	gl.supports_vertex_array_object: true
2018-08-29T14:44:26.850Z - normal: Simulator: 	gl.supports_OES_map_buffer: false
2018-08-29T14:44:26.850Z - normal: Simulator: 	gl.version: 2.1 INTEL-10.22.29
2018-08-29T14:44:26.850Z - normal: Simulator: 	gl.supports_S3TC: true
2018-08-29T14:44:26.850Z - normal: Simulator: 	cocos2d.x.compiled_with_gl_state_cache: true
2018-08-29T14:44:26.850Z - normal: Simulator: 	gl.supports_BGRA8888: false
2018-08-29T14:44:26.850Z - normal: Simulator: 	gl.max_texture_size: 16384
2018-08-29T14:44:26.851Z - normal: Simulator: 	gl.supports_ETC1: false
2018-08-29T14:44:26.851Z - normal: Simulator: 	cocos2d.x.build_type: DEBUG
2018-08-29T14:44:26.851Z - normal: Simulator: }
2018-08-29T14:44:26.851Z - normal: Simulator: 
2018-08-29T14:44:26.851Z - normal: Simulator: 
2018-08-29T14:44:26.851Z - normal: Simulator: Project Config:
2018-08-29T14:44:26.851Z - normal: Simulator:     project dir: /Applications/CocosCreator.app/Contents/Resources/cocos2d-x/simulator/mac/Simulator.app/Contents/Resources/
2018-08-29T14:44:26.851Z - normal: Simulator:     writable path: $(PROJDIR)/
2018-08-29T14:44:26.852Z - normal: Simulator:     script file: $(PROJDIR)/main.js
2018-08-29T14:44:26.852Z - normal: Simulator:     frame size: 640 x 960
2018-08-29T14:44:26.852Z - normal: Simulator:     frame scale: 0.75
2018-08-29T14:44:26.852Z - normal: Simulator:     show console: NO
2018-08-29T14:44:26.852Z - normal: Simulator:     write debug log: NO ()
2018-08-29T14:44:26.853Z - normal: Simulator:     listen: 
2018-08-29T14:44:26.853Z - normal: Simulator:     debugger: none
2018-08-29T14:44:26.853Z - normal: Simulator:     add searching path:
2018-08-29T14:44:26.853Z - normal: Simulator: 
2018-08-29T14:44:26.853Z - normal: Simulator: 
2018-08-29T14:44:26.853Z - normal: Simulator: 
2018-08-29T14:44:26.854Z - normal: Simulator: resetDesignResolution request
2018-08-29T14:44:26.854Z - normal: Simulator: ------------------------------------------------
2018-08-29T14:44:26.854Z - normal: Simulator: LOAD Js FILE: jsb-adapter/jsb-builtin.js
2018-08-29T14:44:26.855Z - normal: Simulator: ------------------------------------------------
2018-08-29T14:44:26.855Z - normal: Simulator: Initializing JavaScriptCore 
2018-08-29T14:44:26.891Z - normal: Simulator: JS: Enable batch GL commands optimization!
2018-08-29T14:44:26.891Z - normal: Simulator: resetDesignResolution request
2018-08-29T14:44:26.891Z - normal: Simulator: ------------------------------------------------
2018-08-29T14:44:26.892Z - normal: Simulator: LOAD Js FILE: main.js
2018-08-29T14:44:26.892Z - normal: Simulator: ------------------------------------------------
2018-08-29T14:44:27.327Z - normal: Simulator: iShow!
2018-08-29T14:44:27.439Z - normal: Simulator: glGetIntegerv: pname: 0x8b4c
2018-08-29T14:44:27.439Z - normal: Simulator: glGetIntegerv: pname: 0x8869
2018-08-29T14:44:27.448Z - normal: Simulator: JS: Cocos Creator v2.0.0
2018-08-29T14:44:27.598Z - normal: Simulator: JS:  rabbitRun  this.player.rabbit.getBoundingBoxToWorld()   (542.50, 162.50, 67.00, 115.00)
2018-08-29T14:44:27.599Z - normal: Simulator: JS:  rabbitRun  this.bgMove.propArr[i][j]   (512.00, 130.00, 128.00, 60.00)
2018-08-29T14:44:27.847Z - normal: Simulator: Destroy WebGLTexture (11) by GC
2018-08-29T14:44:27.847Z - normal: Simulator: Destroy WebGLTexture (10) by GC
2018-08-29T14:44:31.386Z - normal: Simulator: JS:  rabbitRun  PropEnum.stone  0
2018-08-29T14:44:31.787Z - normal: Simulator: JS:  rabbitRun  PropEnum.stone  0
2018-08-29T14:44:32.207Z - normal: Simulator: JS:  rabbitRun  PropEnum.stone  0
2018-08-29T14:44:32.369Z - normal: Simulator: JS:  GameControl customData : jump_2
2018-08-29T14:44:33.003Z - normal: Simulator: JS:  rabbitRun  PropEnum.stone  0
2018-08-29T14:44:33.419Z - normal: Simulator: JS:  rabbitRun  PropEnum.stone  0
2018-08-29T14:44:33.819Z - normal: Simulator: JS:  rabbitRun  PropEnum.stone  0
2018-08-29T14:44:33.939Z - normal: Simulator: JS:  GameControl customData : jump_2
2018-08-29T14:44:34.636Z - normal: Simulator: JS:  rabbitRun  PropEnum.stone  0
2018-08-29T14:44:35.057Z - normal: Simulator: JS:  rabbitRun  PropEnum.stone  0
2018-08-29T14:44:35.453Z - normal: Simulator: JS:  rabbitRun  PropEnum.stone  0
2018-08-29T14:44:35.868Z - normal: Simulator: JS:  rabbitRun  PropEnum.stone  0
2018-08-29T14:44:36.270Z - normal: Simulator: JS:  rabbitRun  PropEnum.stone  0
2018-08-29T14:44:36.489Z - normal: Simulator: JS:  GameControl customData : jump_1
2018-08-29T14:44:37.086Z - normal: Simulator: JS:  rabbitRun  PropEnum.stone  0
2018-08-29T14:44:37.502Z - normal: Simulator: JS:  rabbitRun  PropEnum.stone  0
2018-08-29T14:44:37.903Z - normal: Simulator: JS:  rabbitRun  PropEnum.stone  0
2018-08-29T14:44:38.319Z - normal: Simulator: JS:  rabbitRun  PropEnum.stone  0
2018-08-29T14:44:38.369Z - normal: Simulator: JS:  GameControl customData : jump_2
2018-08-29T14:44:39.135Z - normal: Simulator: JS:  rabbitRun  PropEnum.stone  0
2018-08-29T14:44:39.536Z - normal: Simulator: JS:  rabbitRun  PropEnum.stone  0
2018-08-29T14:44:39.937Z - normal: Simulator: JS:  rabbitRun  PropEnum.stone  0
2018-08-29T14:44:40.153Z - normal: Simulator: JS:  GameControl customData : jump_1
2018-08-29T14:44:40.753Z - normal: Simulator: JS:  rabbitRun  PropEnum.stone  0
2018-08-29T14:44:40.753Z - normal: Simulator: JS:  rabbitRun  碰到朽木
2018-08-29T14:44:47.707Z - normal: Simulator: ScriptEngine::cleanup begin ...
2018-08-29T14:44:47.707Z - normal: Simulator: GC begin ..., (Native -> JS map) count: 27
2018-08-29T14:44:47.724Z - normal: Simulator: GC end ..., (Native -> JS map) count: 27
2018-08-29T14:44:47.724Z - normal: Simulator: GC begin ..., (Native -> JS map) count: 27
2018-08-29T14:44:47.743Z - normal: Simulator: GC end ..., (Native -> JS map) count: 27
2018-08-29T14:44:47.743Z - normal: Simulator: GC begin ..., (Native -> JS map) count: 27
2018-08-29T14:44:47.758Z - normal: Simulator: GC end ..., (Native -> JS map) count: 27
2018-08-29T14:44:47.763Z - normal: Simulator: Destroy WebGLTexture (1) by GC
2018-08-29T14:44:47.763Z - normal: Simulator: Destroy WebGLBuffer (4) by GC
2018-08-29T14:44:47.764Z - normal: Simulator: Destroy WebGLBuffer (3) by GC
2018-08-29T14:44:47.764Z - normal: Simulator: Destroy WebGLBuffer (2) by GC
2018-08-29T14:44:47.764Z - normal: Simulator: Destroy WebGLBuffer (1) by GC
2018-08-29T14:44:47.764Z - normal: Simulator: Destroy WebGLTexture (9) by GC
2018-08-29T14:44:47.764Z - normal: Simulator: Destroy WebGLTexture (8) by GC
2018-08-29T14:44:47.764Z - normal: Simulator: Destroy WebGLTexture (7) by GC
2018-08-29T14:44:47.765Z - normal: Simulator: Destroy WebGLTexture (6) by GC
2018-08-29T14:44:47.765Z - normal: Simulator: Destroy WebGLTexture (5) by GC
2018-08-29T14:44:47.765Z - normal: Simulator: Destroy WebGLTexture (4) by GC
2018-08-29T14:44:47.766Z - normal: Simulator: Destroy WebGLTexture (3) by GC
2018-08-29T14:44:47.766Z - normal: Simulator: Destroy WebGLTexture (16) by GC
2018-08-29T14:44:47.766Z - normal: Simulator: Destroy WebGLTexture (15) by GC
2018-08-29T14:44:47.767Z - normal: Simulator: Destroy WebGLTexture (14) by GC
2018-08-29T14:44:47.767Z - normal: Simulator: Destroy WebGLTexture (13) by GC
2018-08-29T14:44:47.768Z - normal: Simulator: Destroy WebGLTexture (12) by GC
2018-08-29T14:44:47.769Z - normal: Simulator: Destroy WebGLFramebuffer (1) by GC
2018-08-29T14:44:47.769Z - normal: Simulator: Destroy WebGLTexture (17) by GC
2018-08-29T14:44:47.769Z - normal: Simulator: Destroy WebGLProgram (3) by GC
2018-08-29T14:44:47.770Z - normal: Simulator: Destroy WebGLTexture (2) by GC
2018-08-29T14:44:47.791Z - normal: Simulator: ScriptEngine::cleanup end ...
